Collecting flash-attn==2.6.3
  Using cached flash_attn-2.6.3.tar.gz (2.6 MB)
  Preparing metadata (setup.py): started
  Preparing metadata (setup.py): finished with status 'error'
  error: subprocess-exited-with-error
  
  × python setup.py egg_info did not run successfully.
  │ exit code: 1
  ╰─> [23 lines of output]
      fatal: not a git repository (or any parent up to mount point /)
      Stopping at filesystem boundary (GIT_DISCOVERY_ACROSS_FILESYSTEM not set).
      Traceback (most recent call last):
        File "<string>", line 2, in <module>
        File "<pip-setuptools-caller>", line 34, in <module>
        File "/tmp/pip-install-mtcsis26/flash-attn_6902b879edfb4b059e3d0a40423b8be3/setup.py", line 158, in <module>
          _, bare_metal_version = get_cuda_bare_metal_version(CUDA_HOME)
        File "/tmp/pip-install-mtcsis26/flash-attn_6902b879edfb4b059e3d0a40423b8be3/setup.py", line 82, in get_cuda_bare_metal_version
          raw_output = subprocess.check_output([cuda_dir + "/bin/nvcc", "-V"], universal_newlines=True)
        File "/gscratch/kurtlab/miniconda3/envs/undergraddl/lib/python3.9/subprocess.py", line 424, in check_output
          return run(*popenargs, stdout=PIPE, timeout=timeout, check=True,
        File "/gscratch/kurtlab/miniconda3/envs/undergraddl/lib/python3.9/subprocess.py", line 505, in run
          with Popen(*popenargs, **kwargs) as process:
        File "/gscratch/kurtlab/miniconda3/envs/undergraddl/lib/python3.9/subprocess.py", line 951, in __init__
          self._execute_child(args, executable, preexec_fn, close_fds,
        File "/gscratch/kurtlab/miniconda3/envs/undergraddl/lib/python3.9/subprocess.py", line 1821, in _execute_child
          raise child_exception_type(errno_num, err_msg, err_filename)
      FileNotFoundError: [Errno 2] No such file or directory: '/usr/local/cuda/bin/nvcc'
      
      
      torch.__version__  = 2.6.0+cu124
      
      
      [end of output]
  
  note: This error originates from a subprocess, and is likely not a problem with pip.

[notice] A new release of pip is available: 25.0.1 -> 26.0.1
[notice] To update, run: pip install --upgrade pip
error: metadata-generation-failed

× Encountered error while generating package metadata.
╰─> See above for output.

note: This is an issue with the package mentioned above, not pip.
hint: See above for details.
Collecting flash-attn==2.6.3
  Using cached flash_attn-2.6.3.tar.gz (2.6 MB)
  Preparing metadata (setup.py): started
  Preparing metadata (setup.py): finished with status 'done'
Requirement already satisfied: torch in /mmfs1/gscratch/kurtlab/miniconda3/envs/undergraddl/lib/python3.9/site-packages (from flash-attn==2.6.3) (2.6.0)
Requirement already satisfied: einops in /mmfs1/gscratch/kurtlab/miniconda3/envs/undergraddl/lib/python3.9/site-packages (from flash-attn==2.6.3) (0.7.0)
Requirement already satisfied: filelock in /mmfs1/gscratch/kurtlab/miniconda3/envs/undergraddl/lib/python3.9/site-packages (from torch->flash-attn==2.6.3) (3.12.2)
Requirement already satisfied: typing-extensions>=4.10.0 in /mmfs1/gscratch/kurtlab/miniconda3/envs/undergraddl/lib/python3.9/site-packages (from torch->flash-attn==2.6.3) (4.11.0)
Requirement already satisfied: networkx in /mmfs1/gscratch/kurtlab/miniconda3/envs/undergraddl/lib/python3.9/site-packages (from torch->flash-attn==2.6.3) (2.8.5)
Requirement already satisfied: jinja2 in /mmfs1/gscratch/kurtlab/miniconda3/envs/undergraddl/lib/python3.9/site-packages (from torch->flash-attn==2.6.3) (3.1.3)
Requirement already satisfied: fsspec in /mmfs1/gscratch/kurtlab/miniconda3/envs/undergraddl/lib/python3.9/site-packages (from torch->flash-attn==2.6.3) (2024.3.1)
Requirement already satisfied: nvidia-cuda-nvrtc-cu12==12.4.127 in /mmfs1/gscratch/kurtlab/miniconda3/envs/undergraddl/lib/python3.9/site-packages (from torch->flash-attn==2.6.3) (12.4.127)
Requirement already satisfied: nvidia-cuda-runtime-cu12==12.4.127 in /mmfs1/gscratch/kurtlab/miniconda3/envs/undergraddl/lib/python3.9/site-packages (from torch->flash-attn==2.6.3) (12.4.127)
Requirement already satisfied: nvidia-cuda-cupti-cu12==12.4.127 in /mmfs1/gscratch/kurtlab/miniconda3/envs/undergraddl/lib/python3.9/site-packages (from torch->flash-attn==2.6.3) (12.4.127)
Requirement already satisfied: nvidia-cudnn-cu12==9.1.0.70 in /mmfs1/gscratch/kurtlab/miniconda3/envs/undergraddl/lib/python3.9/site-packages (from torch->flash-attn==2.6.3) (9.1.0.70)
Requirement already satisfied: nvidia-cublas-cu12==12.4.5.8 in /mmfs1/gscratch/kurtlab/miniconda3/envs/undergraddl/lib/python3.9/site-packages (from torch->flash-attn==2.6.3) (12.4.5.8)
Requirement already satisfied: nvidia-cufft-cu12==11.2.1.3 in /mmfs1/gscratch/kurtlab/miniconda3/envs/undergraddl/lib/python3.9/site-packages (from torch->flash-attn==2.6.3) (11.2.1.3)
Requirement already satisfied: nvidia-curand-cu12==10.3.5.147 in /mmfs1/gscratch/kurtlab/miniconda3/envs/undergraddl/lib/python3.9/site-packages (from torch->flash-attn==2.6.3) (10.3.5.147)
Requirement already satisfied: nvidia-cusolver-cu12==11.6.1.9 in /mmfs1/gscratch/kurtlab/miniconda3/envs/undergraddl/lib/python3.9/site-packages (from torch->flash-attn==2.6.3) (11.6.1.9)
Requirement already satisfied: nvidia-cusparse-cu12==12.3.1.170 in /mmfs1/gscratch/kurtlab/miniconda3/envs/undergraddl/lib/python3.9/site-packages (from torch->flash-attn==2.6.3) (12.3.1.170)
Requirement already satisfied: nvidia-cusparselt-cu12==0.6.2 in /mmfs1/gscratch/kurtlab/miniconda3/envs/undergraddl/lib/python3.9/site-packages (from torch->flash-attn==2.6.3) (0.6.2)
Requirement already satisfied: nvidia-nccl-cu12==2.21.5 in /mmfs1/gscratch/kurtlab/miniconda3/envs/undergraddl/lib/python3.9/site-packages (from torch->flash-attn==2.6.3) (2.21.5)
Requirement already satisfied: nvidia-nvtx-cu12==12.4.127 in /mmfs1/gscratch/kurtlab/miniconda3/envs/undergraddl/lib/python3.9/site-packages (from torch->flash-attn==2.6.3) (12.4.127)
Requirement already satisfied: nvidia-nvjitlink-cu12==12.4.127 in /mmfs1/gscratch/kurtlab/miniconda3/envs/undergraddl/lib/python3.9/site-packages (from torch->flash-attn==2.6.3) (12.4.127)
Requirement already satisfied: triton==3.2.0 in /mmfs1/gscratch/kurtlab/miniconda3/envs/undergraddl/lib/python3.9/site-packages (from torch->flash-attn==2.6.3) (3.2.0)
Requirement already satisfied: sympy==1.13.1 in /mmfs1/gscratch/kurtlab/miniconda3/envs/undergraddl/lib/python3.9/site-packages (from torch->flash-attn==2.6.3) (1.13.1)
Requirement already satisfied: mpmath<1.4,>=1.1.0 in /mmfs1/gscratch/kurtlab/miniconda3/envs/undergraddl/lib/python3.9/site-packages (from sympy==1.13.1->torch->flash-attn==2.6.3) (1.3.0)
Requirement already satisfied: MarkupSafe>=2.0 in /mmfs1/gscratch/kurtlab/miniconda3/envs/undergraddl/lib/python3.9/site-packages (from jinja2->torch->flash-attn==2.6.3) (2.1.1)
Building wheels for collected packages: flash-attn
  Building wheel for flash-attn (setup.py): started
  Building wheel for flash-attn (setup.py): still running...
  Building wheel for flash-attn (setup.py): still running...
  Building wheel for flash-attn (setup.py): still running...
  Building wheel for flash-attn (setup.py): still running...
  Building wheel for flash-attn (setup.py): still running...
  Building wheel for flash-attn (setup.py): still running...
  Building wheel for flash-attn (setup.py): still running...
  Building wheel for flash-attn (setup.py): still running...
  Building wheel for flash-attn (setup.py): still running...
  Building wheel for flash-attn (setup.py): still running...
  Building wheel for flash-attn (setup.py): still running...
  Building wheel for flash-attn (setup.py): still running...
  Building wheel for flash-attn (setup.py): still running...
  Building wheel for flash-attn (setup.py): still running...
  Building wheel for flash-attn (setup.py): still running...
  Building wheel for flash-attn (setup.py): still running...
  Building wheel for flash-attn (setup.py): still running...
  Building wheel for flash-attn (setup.py): still running...
  Building wheel for flash-attn (setup.py): still running...
  Building wheel for flash-attn (setup.py): still running...
  Building wheel for flash-attn (setup.py): still running...
  Building wheel for flash-attn (setup.py): still running...
  Building wheel for flash-attn (setup.py): still running...
  Building wheel for flash-attn (setup.py): still running...
  Building wheel for flash-attn (setup.py): still running...
  Building wheel for flash-attn (setup.py): still running...
  Building wheel for flash-attn (setup.py): still running...
  Building wheel for flash-attn (setup.py): still running...
  Building wheel for flash-attn (setup.py): still running...
  Building wheel for flash-attn (setup.py): still running...
  Building wheel for flash-attn (setup.py): still running...
  Building wheel for flash-attn (setup.py): still running...
  Building wheel for flash-attn (setup.py): still running...
  Building wheel for flash-attn (setup.py): still running...
  Building wheel for flash-attn (setup.py): still running...
  Building wheel for flash-attn (setup.py): still running...
  Building wheel for flash-attn (setup.py): still running...
  Building wheel for flash-attn (setup.py): still running...
  Building wheel for flash-attn (setup.py): still running...
  Building wheel for flash-attn (setup.py): still running...
  Building wheel for flash-attn (setup.py): still running...
  Building wheel for flash-attn (setup.py): still running...
  Building wheel for flash-attn (setup.py): still running...
  Building wheel for flash-attn (setup.py): still running...
  Building wheel for flash-attn (setup.py): still running...
  Building wheel for flash-attn (setup.py): finished with status 'done'
  Created wheel for flash-attn: filename=flash_attn-2.6.3-cp39-cp39-linux_x86_64.whl size=183685984 sha256=a6c9796e58c217b957de5742a27f24f652de1fa6376db187effca41139d76c02
  Stored in directory: /mmfs1/gscratch/kurtlab/jehr/torch_cache/pip/wheels/77/9d/0b/cd6e5b1b80e010c9983988762d5e86dbd46e858ccd5d9d8226
Successfully built flash-attn
Installing collected packages: flash-attn
Successfully installed flash-attn-2.6.3

[notice] A new release of pip is available: 25.0.1 -> 26.0.1
[notice] To update, run: pip install --upgrade pip
